<?xml version="1.0" encoding="UTF-8"?>
<!-- Generated by org.testng.reporters.JUnitReportReporter -->
<testsuite hostname="LAPTOP-L2V0IT8U" failures="0" tests="1" name="tests.HomeTest" time="9.775" errors="0" timestamp="2023-01-17T18:53:06 IST" skipped="0">
  <testcase classname="tests.HomeTest" name="logout" time="9.775"/>
  <system-out/>
</testsuite> <!-- tests.HomeTest -->
